<?xml version="1.0" encoding="UTF-8"?>
<!-- Generated by org.testng.reporters.JUnitReportReporter -->
<testsuite hostname="DESKTOP-R6RCSAI" name="Automation.Assignments.Test1" tests="1" failures="0" timestamp="6 Jan 2021 11:34:11 GMT" time="8.763" errors="0">
  <testcase name="display" time="8.763" classname="Automation.Assignments.Test1"/>
</testsuite> <!-- Automation.Assignments.Test1 -->
